k=2
cluster 0's keywords
username, url, via, youtube, new, music, video, news, trump, check
cluster 1's keywords
username, url, love, time, get, new, one, day, game, please

k=3
cluster 0's keywords
username, url, new, music, via, thanks, video, game, latest, live
cluster 1's keywords
love, day, happy, username, url, new, year, thank, much, today
cluster 2's keywords
url, via, username, new, youtube, news, music, video, get, trump

k=4
cluster 0's keywords
username, url, thanks, latest, new, music, game, show, badge, night
cluster 1's keywords
love, happy, day, username, url, new, year, thank, much, today
cluster 2's keywords
username, url, new, get, time, game, one, please, like, see
cluster 3's keywords
via, url, youtube, video, music, username, trump, news, new, official

