
===== K = 2 =====

--- 类别 0 的关键词 ---
username, url, via, youtube, new, music, video, news, trump, check

--- 类别 1 的关键词 ---
username, url, love, time, get, new, one, day, game, please

===== K = 3 =====

--- 类别 0 的关键词 ---
username, url, new, music, via, thanks, video, game, latest, live

--- 类别 1 的关键词 ---
love, day, happy, username, url, new, year, thank, much, today

--- 类别 2 的关键词 ---
url, via, username, new, youtube, news, music, video, get, trump

===== K = 4 =====

--- 类别 0 的关键词 ---
username, url, thanks, latest, new, music, game, show, badge, night

--- 类别 1 的关键词 ---
love, happy, day, username, url, new, year, thank, much, today

--- 类别 2 的关键词 ---
username, url, new, get, time, game, one, please, like, see

--- 类别 3 的关键词 ---
via, url, youtube, video, music, username, trump, news, new, official
